<?xml version="1.0" encoding="UTF-8"?>
<testng-results ignored="0" total="2" passed="2" failed="0" skipped="0">
  <reporter-output>
  </reporter-output>
  <suite started-at="2024-04-20T22:07:00 EET" name="Default suite" finished-at="2024-04-20T22:07:03 EET" duration-ms="3057">
    <groups>
    </groups>
    <test started-at="2024-04-20T22:07:00 EET" name="Default test" finished-at="2024-04-20T22:07:03 EET" duration-ms="3057">
      <class name="api.tests.AccountTest">
        <test-method is-config="true" signature="setupDate()[pri:0, instance:api.tests.AccountTest@5b068087]" started-at="2024-04-20T22:07:00 EET" name="setupDate" finished-at="2024-04-20T22:07:00 EET" duration-ms="165" status="PASS">
          <reporter-output>
          </reporter-output>
        </test-method> <!-- setupDate -->
        <test-method signature="testSingUp()[pri:1, instance:api.tests.AccountTest@5b068087]" started-at="2024-04-20T22:07:00 EET" name="testSingUp" finished-at="2024-04-20T22:07:03 EET" duration-ms="2268" status="PASS">
          <reporter-output>
          </reporter-output>
        </test-method> <!-- testSingUp -->
        <test-method signature="testSingIn()[pri:2, instance:api.tests.AccountTest@5b068087]" started-at="2024-04-20T22:07:03 EET" name="testSingIn" finished-at="2024-04-20T22:07:03 EET" duration-ms="577" status="PASS">
          <reporter-output>
          </reporter-output>
        </test-method> <!-- testSingIn -->
      </class> <!-- api.tests.AccountTest -->
    </test> <!-- Default test -->
  </suite> <!-- Default suite -->
</testng-results>
